X:\EET Third Year Project\Documentation\HANDLEBAR PINOUT.dwg,Model,2020-01-26 10:09:41 PM,colef,HP OfficeJet 6960 PCL-3,Letter,1:24.7709,
X:\EET Third Year Project\Documentation\HANDLEBAR PINOUT.dwg,Model,2020-01-26 10:09:52 PM,colef,Microsoft Print to PDF,Letter,1:24.2455,
X:\EET Third Year Project\Documentation\Designed Boards.dwg,Model,2020-02-03 10:06:10 AM,colef,Microsoft Print to PDF,Letter,1:0.0903971,
X:\EET Third Year Project\Documentation\Designed Boards.dwg,Model,2020-02-03 8:19:41 PM,colef,Microsoft Print to PDF,Letter,1:0.090926,
X:\EET Third Year Project\Documentation\Designed Boards.dwg,Model,2020-02-03 8:20:59 PM,colef,HP OfficeJet 6960 PCL-3,Letter,1:0.0917037,
X:\EET Third Year Project\Documentation\OPTO BOARD.dwg,Model,2020-02-15 8:04:44 PM,colef,HP OfficeJet 6960 PCL-3,Letter,1:0.975232,
X:\EET Third Year Project\Documentation\MEGA PINOUT.dwg,Model,2020-02-15 8:05:22 PM,colef,HP OfficeJet 6960 PCL-3,Letter,1:0.975232,
X:\EET Third Year Project\Documentation\ETHERNET SCREW TERMINAL.dwg,Model,2020-02-15 8:05:47 PM,colef,HP OfficeJet 6960 PCL-3,Letter,1:0.975232,
X:\EET Third Year Project\Documentation\Designed Boards.dwg,Model,2020-02-16 8:00:00 AM,colef,HP OfficeJet 6960 PCL-3,Letter,1:0.975232,
\\COLE-DESKTOP\Cole F SSFD\EET Third Year Project\Documentation\Designed Boards.dwg,Model,2020-02-17 3:27:10 PM,colef,HP8FF825 (HP OfficeJet 6960),Letter,1:24.8324,
X:\EET Third Year Project\Documentation\MEGA PINOUT.dwg,Model,2020-02-21 9:11:25 PM,colef,Microsoft Print to PDF,Letter,1:24.2455,
X:\EET Third Year Project\Documentation\Designed Boards.dwg,Model,2020-03-07 2:45:49 PM,colef,HP8FF825 (HP OfficeJet 6960),Letter,1:24.8324,
X:\EET Third Year Project\Documentation\Designed Boards.dwg,Model,2020-03-07 2:49:04 PM,colef,HP8FF825 (HP OfficeJet 6960),Letter,1:24.8324,
X:\EET Third Year Project\Documentation\Designed Boards.dwg,Model,2020-03-11 2:07:49 PM,colef,HP8FF825 (HP OfficeJet 6960),Letter,1:24.8324,
X:\EET Third Year Project\Documentation\FRONT PANEL LAYOUT.dwg,Model,2020-03-25 12:06:23 PM,colef,Microsoft Print to PDF,Letter,1:0.954545,
X:\EET Third Year Project\Documentation\CENTER PANEL LAYOUT.dwg,Model,2020-03-25 12:06:58 PM,colef,Microsoft Print to PDF,Letter,1:0.954545,
X:\EET Third Year Project\Documentation\LH PANEL LAYOUT.dwg,Model,2020-03-25 12:07:49 PM,colef,Microsoft Print to PDF,Letter,1:0.954545,
X:\EET Third Year Project\Documentation\MOTOR-CONTROLLER PANEL LAYOUT.dwg,Model,2020-03-25 12:08:12 PM,colef,Microsoft Print to PDF,Letter,1:0.954545,
X:\EET Third Year Project\Documentation\RH PANEL LAYOUT.dwg,Model,2020-03-25 12:08:43 PM,colef,Microsoft Print to PDF,Letter,1:0.954545,
X:\EET Third Year Project\Documentation\ETHERNET SCREW TERMINAL.dwg,Model,2020-03-25 12:09:12 PM,colef,Microsoft Print to PDF,Letter,1:0.954545,
X:\EET Third Year Project\Documentation\Designed Boards.dwg,Model,2020-03-25 12:10:47 PM,colef,Microsoft Print to PDF,Letter,1:31.3765,
X:\EET Third Year Project\Documentation\HANDLEBAR PINOUT.dwg,Model,2020-03-25 12:11:23 PM,colef,Microsoft Print to PDF,Letter,1:24.2455,
X:\EET Third Year Project\Documentation\ETHERNET SCREW TERMINAL.dwg,Model,2020-03-25 12:23:11 PM,colef,Microsoft Print to PDF,Letter,1:0.954545,
X:\EET Third Year Project\Documentation\OPTO BOARD.dwg,Model,2020-03-25 12:24:16 PM,colef,Microsoft Print to PDF,Letter,1:0.954545,
X:\EET Third Year Project\Documentation\MEGA PINOUT.dwg,Model,2020-03-25 12:42:01 PM,colef,Microsoft Print to PDF,Letter,1:0.954545,
X:\EET Third Year Project\Documentation\Designed Boards.dwg,Model,2020-03-25 12:57:05 PM,colef,Microsoft Print to PDF,Letter,1:24.2455,
X:\EET Third Year Project\Documentation\FRONT PANEL LAYOUT.dwg,Model,2020-03-25 12:59:55 PM,colef,Microsoft Print to PDF,Letter,1:0.954545,
X:\EET Third Year Project\Documentation\CENTER PANEL LAYOUT.dwg,Model,2020-03-25 1:00:22 PM,colef,Microsoft Print to PDF,Letter,1:0.954545,
X:\EET Third Year Project\Documentation\LH PANEL LAYOUT.dwg,Model,2020-03-25 1:00:34 PM,colef,Microsoft Print to PDF,Letter,1:0.954545,
X:\EET Third Year Project\Documentation\LH PANEL LAYOUT.dwg,Model,2020-03-25 1:00:42 PM,colef,Microsoft Print to PDF,Letter,1:0.954545,
X:\EET Third Year Project\Documentation\MOTOR-CONTROLLER PANEL LAYOUT.dwg,Model,2020-03-25 1:00:56 PM,colef,Microsoft Print to PDF,Letter,1:0.954545,
X:\EET Third Year Project\Documentation\RH PANEL LAYOUT.dwg,Model,2020-03-25 1:01:09 PM,colef,Microsoft Print to PDF,Letter,1:0.954545,
X:\EET Third Year Project\Documentation\ETHERNET SCREW TERMINAL.dwg,Model,2020-03-25 1:01:22 PM,colef,Microsoft Print to PDF,Letter,1:0.954545,
X:\EET Third Year Project\Documentation\Designed Boards.dwg,Model,2020-03-25 1:01:45 PM,colef,Microsoft Print to PDF,Letter,1:24.2455,
X:\EET Third Year Project\Documentation\HANDLEBAR PINOUT.dwg,Model,2020-03-25 1:02:02 PM,colef,Microsoft Print to PDF,Letter,1:24.2455,
X:\EET Third Year Project\Documentation\OPTO BOARD.dwg,Model,2020-03-25 1:02:19 PM,colef,Microsoft Print to PDF,Letter,1:0.954545,
X:\EET Third Year Project\Documentation\MEGA PINOUT.dwg,Model,2020-03-25 1:02:59 PM,colef,Microsoft Print to PDF,Letter,1:0.954545,
